INFO:     Started server process [38976]
INFO:     Waiting for application startup.
INFO:     Application startup complete.
INFO:     Uvicorn running on http://127.0.0.1:8010 (Press CTRL+C to quit)
INFO:     127.0.0.1:51310 - "WebSocket /sessions/c8d456f152ac49d9ad803d93ed243d0f/stream" [accepted]
INFO:     connection open
WARNING:story_tts_realtime:Retry realtime chapter 38 l\u1ea7n 1 do l\u1ed7i: Traceback (most recent call last):
  File "<frozen runpy>", line 198, in _run_module_as_main
  File "<frozen runpy>", line 88, in _run_code
  File "C:\Users\IT-01\AppData\Roaming\Python\Python313\Scripts\edge-tts.exe\__main__.py", line 6, in <module>
    sys.exit(main())
             ~~~~^^
  File "C:\Users\IT-01\AppData\Roaming\Python\Python313\site-packages\edge_tts\util.py", line 141, in main
    asyncio.run(amain())
    ~~~~~~~~~~~^^^^^^^^^
  File "C:\Users\IT-01\AppData\Local\Programs\Python\Python313\Lib\asyncio\runners.py", line 194, in run
    return runner.run(main)
           ~~~~~~~~~~^^^^^^
  File "C:\Users\IT-01\AppData\Local\Programs\Python\Python313\Lib\asyncio\runners.py", line 118, in run
    return self._loop.run_until_complete(task)
           ~~~~~~~~~~~~~~~~~~~~~~~~~~~~~^^^^^^
  File "C:\Users\IT-01\AppData\Local\Programs\Python\Python313\Lib\asyncio\base_events.py", line 720, in run_until_complete
    return future.result()
           ~~~~~~~~~~~~~^^
  File "C:\Users\IT-01\AppData\Roaming\Python\Python313\site-packages\edge_tts\util.py", line 136, in amain
    await _run_tts(args)
  File "C:\Users\IT-01\AppData\Roaming\Python\Python313\site-packages\edge_tts\util.py", line 73, in _run_tts
    async for chunk in communicate.stream():
    ...<3 lines>...
            submaker.feed(chunk)
  File "C:\Users\IT-01\AppData\Roaming\Python\Python313\site-packages\edge_tts\communicate.py", line 588, in stream
    async for message in self.__stream():
        yield message
  File "C:\Users\IT-01\AppData\Roaming\Python\Python313\site-packages\edge_tts\communicate.py", line 562, in __stream
    raise NoAudioReceived(
        "No audio was received. Please verify that your parameters are correct."
    )
edge_tts.exceptions.NoAudioReceived: No audio was received. Please verify that your parameters are correct.
WARNING:story_tts_realtime:Retry realtime chapter 38 l\u1ea7n 2 do l\u1ed7i: Traceback (most recent call last):
  File "<frozen runpy>", line 198, in _run_module_as_main
  File "<frozen runpy>", line 88, in _run_code
  File "C:\Users\IT-01\AppData\Roaming\Python\Python313\Scripts\edge-tts.exe\__main__.py", line 6, in <module>
    sys.exit(main())
             ~~~~^^
  File "C:\Users\IT-01\AppData\Roaming\Python\Python313\site-packages\edge_tts\util.py", line 141, in main
    asyncio.run(amain())
    ~~~~~~~~~~~^^^^^^^^^
  File "C:\Users\IT-01\AppData\Local\Programs\Python\Python313\Lib\asyncio\runners.py", line 194, in run
    return runner.run(main)
           ~~~~~~~~~~^^^^^^
  File "C:\Users\IT-01\AppData\Local\Programs\Python\Python313\Lib\asyncio\runners.py", line 118, in run
    return self._loop.run_until_complete(task)
           ~~~~~~~~~~~~~~~~~~~~~~~~~~~~~^^^^^^
  File "C:\Users\IT-01\AppData\Local\Programs\Python\Python313\Lib\asyncio\base_events.py", line 720, in run_until_complete
    return future.result()
           ~~~~~~~~~~~~~^^
  File "C:\Users\IT-01\AppData\Roaming\Python\Python313\site-packages\edge_tts\util.py", line 136, in amain
    await _run_tts(args)
  File "C:\Users\IT-01\AppData\Roaming\Python\Python313\site-packages\edge_tts\util.py", line 73, in _run_tts
    async for chunk in communicate.stream():
    ...<3 lines>...
            submaker.feed(chunk)
  File "C:\Users\IT-01\AppData\Roaming\Python\Python313\site-packages\edge_tts\communicate.py", line 588, in stream
    async for message in self.__stream():
        yield message
  File "C:\Users\IT-01\AppData\Roaming\Python\Python313\site-packages\edge_tts\communicate.py", line 562, in __stream
    raise NoAudioReceived(
        "No audio was received. Please verify that your parameters are correct."
    )
edge_tts.exceptions.NoAudioReceived: No audio was received. Please verify that your parameters are correct.
INFO:     connection closed
INFO:story_tts_realtime:WebSocket session c8d456f152ac49d9ad803d93ed243d0f \u0111\xe3 ng\u1eaft k\u1ebft n\u1ed1i
WARNING:story_tts_realtime:Retry realtime chapter 38 l\u1ea7n 3 do l\u1ed7i: \u0110\xe3 d\u1eebng synth realtime
